Fetching registry information from https://github.com/microsoft/vcpkg (HEAD)...
Detecting compiler hash for triplet x64-windows...
A suitable version of powershell-core was not found (required v7.5.3).
Downloading https://github.com/PowerShell/PowerShell/releases/download/v7.5.3/PowerShell-7.5.3-win-x64.zip -> PowerShell-7.5.3-win-x64.zip
Successfully downloaded PowerShell-7.5.3-win-x64.zip
Extracting powershell-core...
A suitable version of 7zip was not found (required v25.1.0).
Downloading https://github.com/ip7z/7zip/releases/download/25.01/7z2501.exe -> 7z2501.7z.exe
Successfully downloaded 7z2501.7z.exe
Extracting 7zip...
A suitable version of 7zr was not found (required v25.1.0).
Downloading https://github.com/ip7z/7zip/releases/download/25.01/7zr.exe -> 7d84fcad-7zr.exe
Successfully downloaded 7d84fcad-7zr.exe
Compiler found: C:/Program Files/Microsoft Visual Studio/2022/Community/VC/Tools/MSVC/14.44.35207/bin/Hostx64/x64/cl.exe
The following packages will be built and installed:
    fmt:x64-windows@12.0.0 -- git+https://github.com/microsoft/vcpkg@c5dcb90bc1da6e7ba3d6e62e62a0b7df3192f51c
  * vcpkg-cmake:x64-windows@2024-04-23 -- git+https://github.com/microsoft/vcpkg@e74aa1e8f93278a8e71372f1fa08c3df420eb840
  * vcpkg-cmake-config:x64-windows@2024-05-23 -- git+https://github.com/microsoft/vcpkg@97a63e4bc1a17422ffe4eff71da53b4b561a7841
Additional packages (*) will be modified to complete this operation.
Restored 0 package(s) from C:\Users\marcbp11\AppData\Local\vcpkg\archives in 376 us. Use --debug to see more details.
Installing 1/3 vcpkg-cmake-config:x64-windows@2024-05-23...
Building vcpkg-cmake-config:x64-windows@2024-05-23...
C:\Users\marcbp11\AppData\Local\vcpkg\registries\git-trees\97a63e4bc1a17422ffe4eff71da53b4b561a7841: info: installing from git registry git+https://github.com/microsoft/vcpkg@97a63e4bc1a17422ffe4eff71da53b4b561a7841
-- Installing: C:/Users/marcbp11/Desktop/vcpkg/packages/vcpkg-cmake-config_x64-windows/share/vcpkg-cmake-config/vcpkg_cmake_config_fixup.cmake
-- Installing: C:/Users/marcbp11/Desktop/vcpkg/packages/vcpkg-cmake-config_x64-windows/share/vcpkg-cmake-config/vcpkg-port-config.cmake
-- Installing: C:/Users/marcbp11/Desktop/vcpkg/packages/vcpkg-cmake-config_x64-windows/share/vcpkg-cmake-config/copyright
-- Skipping post-build validation due to VCPKG_POLICY_EMPTY_PACKAGE
Starting submission of vcpkg-cmake-config:x64-windows@2024-05-23 to 1 binary cache(s) in the background
Elapsed time to handle vcpkg-cmake-config:x64-windows: 61.4 ms
vcpkg-cmake-config:x64-windows package ABI: 4f098c3e2c58b2ba6859e6a2bcc1c09b18ad9575a41944b638e555ed25fc9098
Installing 2/3 vcpkg-cmake:x64-windows@2024-04-23...
Building vcpkg-cmake:x64-windows@2024-04-23...
C:\Users\marcbp11\AppData\Local\vcpkg\registries\git-trees\e74aa1e8f93278a8e71372f1fa08c3df420eb840: info: installing from git registry git+https://github.com/microsoft/vcpkg@e74aa1e8f93278a8e71372f1fa08c3df420eb840
-- Installing: C:/Users/marcbp11/Desktop/vcpkg/packages/vcpkg-cmake_x64-windows/share/vcpkg-cmake/vcpkg_cmake_configure.cmake
-- Installing: C:/Users/marcbp11/Desktop/vcpkg/packages/vcpkg-cmake_x64-windows/share/vcpkg-cmake/vcpkg_cmake_build.cmake
-- Installing: C:/Users/marcbp11/Desktop/vcpkg/packages/vcpkg-cmake_x64-windows/share/vcpkg-cmake/vcpkg_cmake_install.cmake
-- Installing: C:/Users/marcbp11/Desktop/vcpkg/packages/vcpkg-cmake_x64-windows/share/vcpkg-cmake/vcpkg-port-config.cmake
-- Installing: C:/Users/marcbp11/Desktop/vcpkg/packages/vcpkg-cmake_x64-windows/share/vcpkg-cmake/copyright
-- Performing post-build validation
Starting submission of vcpkg-cmake:x64-windows@2024-04-23 to 1 binary cache(s) in the background
Elapsed time to handle vcpkg-cmake:x64-windows: 59.3 ms
vcpkg-cmake:x64-windows package ABI: 219ad1c5fa465d046c2efdfc088eb815a68bbbea512b9371499c657106ec3661
Completed submission of vcpkg-cmake-config:x64-windows@2024-05-23 to 1 binary cache(s) in 48.8 ms
Installing 3/3 fmt:x64-windows@12.0.0...
Building fmt:x64-windows@12.0.0...
C:\Users\marcbp11\AppData\Local\vcpkg\registries\git-trees\c5dcb90bc1da6e7ba3d6e62e62a0b7df3192f51c: info: installing from git registry git+https://github.com/microsoft/vcpkg@c5dcb90bc1da6e7ba3d6e62e62a0b7df3192f51c
Downloading https://github.com/fmtlib/fmt/archive/12.0.0.tar.gz -> fmtlib-fmt-12.0.0.tar.gz
Successfully downloaded fmtlib-fmt-12.0.0.tar.gz
-- Extracting source C:/Users/marcbp11/Desktop/vcpkg/downloads/fmtlib-fmt-12.0.0.tar.gz
-- Using source at C:/Users/marcbp11/Desktop/vcpkg/buildtrees/fmt/src/12.0.0-caf6286dd7.clean
-- Found external ninja('1.12.1').
-- Configuring x64-windows
-- Building x64-windows-dbg
-- Building x64-windows-rel
-- Fixing pkgconfig file: C:/Users/marcbp11/Desktop/vcpkg/packages/fmt_x64-windows/lib/pkgconfig/fmt.pc
Downloading msys2-mingw-w64-x86_64-pkgconf-1~2.4.3-1-any.pkg.tar.zst, trying https://mirror.msys2.org/mingw/mingw64/mingw-w64-x86_64-pkgconf-1~2.4.3-1-any.pkg.tar.zst
Successfully downloaded msys2-mingw-w64-x86_64-pkgconf-1~2.4.3-1-any.pkg.tar.zst
Downloading msys2-msys2-runtime-3.6.2-2-x86_64.pkg.tar.zst, trying https://mirror.msys2.org/msys/x86_64/msys2-runtime-3.6.2-2-x86_64.pkg.tar.zst
Successfully downloaded msys2-msys2-runtime-3.6.2-2-x86_64.pkg.tar.zst
-- Using msys root at C:/Users/marcbp11/Desktop/vcpkg/downloads/tools/msys2/9272adbcaf19caef
-- Fixing pkgconfig file: C:/Users/marcbp11/Desktop/vcpkg/packages/fmt_x64-windows/debug/lib/pkgconfig/fmt.pc
-- Installing: C:/Users/marcbp11/Desktop/vcpkg/packages/fmt_x64-windows/share/fmt/usage
-- Installing: C:/Users/marcbp11/Desktop/vcpkg/packages/fmt_x64-windows/share/fmt/copyright
-- Performing post-build validation
Starting submission of fmt:x64-windows@12.0.0 to 1 binary cache(s) in the background
Elapsed time to handle fmt:x64-windows: 7.1 s
fmt:x64-windows package ABI: 97df6cf6431de6c7e4b04e477f91a2dcfb7100c731e026ba9b82a78113cdbf4f
Installed contents are licensed to you by owners. Microsoft is not responsible for, nor does it grant any licenses to, third-party packages.
Packages installed in this vcpkg installation declare the following licenses:
MIT
The package fmt provides CMake targets:

    find_package(fmt CONFIG REQUIRED)
    target_link_libraries(main PRIVATE fmt::fmt)

    # Or use the header-only version
    find_package(fmt CONFIG REQUIRED)
    target_link_libraries(main PRIVATE fmt::fmt-header-only)

Completed submission of vcpkg-cmake:x64-windows@2024-04-23 to 1 binary cache(s) in 53.4 ms
Waiting for 1 remaining binary cache submissions...
Completed submission of fmt:x64-windows@12.0.0 to 1 binary cache(s) in 241 ms (1/1)
All requested installations completed successfully in: 7.2 s
